<?xml version="1.0" encoding="UTF-8"?>
<testng-results ignored="0" total="1" passed="1" failed="0" skipped="0">
  <reporter-output>
  </reporter-output>
  <suite started-at="2022-04-14T00:01:34 IST" name="Suite" finished-at="2022-04-14T00:01:45 IST" duration-ms="11728">
    <groups>
    </groups>
    <test started-at="2022-04-14T00:01:34 IST" name="TestLauncher" finished-at="2022-04-14T00:01:45 IST" duration-ms="11728">
      <class name="com.google.testScenarios.SearchBarTest">
        <test-method is-config="true" signature="beforeClass()[pri:0, instance:com.google.testScenarios.SearchBarTest@693fe6c9]" started-at="2022-04-14T00:01:34 IST" name="beforeClass" finished-at="2022-04-14T00:01:36 IST" duration-ms="1801" status="PASS">
          <reporter-output>
          </reporter-output>
        </test-method> <!-- beforeClass -->
        <test-method is-config="true" signature="beforeMethod()[pri:0, instance:com.google.testScenarios.SearchBarTest@693fe6c9]" started-at="2022-04-14T00:01:36 IST" name="beforeMethod" finished-at="2022-04-14T00:01:37 IST" duration-ms="1829" status="PASS">
          <reporter-output>
          </reporter-output>
        </test-method> <!-- beforeMethod -->
        <test-method signature="f()[pri:0, instance:com.google.testScenarios.SearchBarTest@693fe6c9]" started-at="2022-04-14T00:01:37 IST" name="f" finished-at="2022-04-14T00:01:40 IST" duration-ms="2410" status="PASS">
          <reporter-output>
          </reporter-output>
        </test-method> <!-- f -->
        <test-method is-config="true" signature="afterMethod()[pri:0, instance:com.google.testScenarios.SearchBarTest@693fe6c9]" started-at="2022-04-14T00:01:40 IST" name="afterMethod" finished-at="2022-04-14T00:01:40 IST" duration-ms="29" status="PASS">
          <reporter-output>
          </reporter-output>
        </test-method> <!-- afterMethod -->
        <test-method is-config="true" signature="afterClass()[pri:0, instance:com.google.testScenarios.SearchBarTest@693fe6c9]" started-at="2022-04-14T00:01:40 IST" name="afterClass" finished-at="2022-04-14T00:01:45 IST" duration-ms="5618" status="PASS">
          <reporter-output>
          </reporter-output>
        </test-method> <!-- afterClass -->
      </class> <!-- com.google.testScenarios.SearchBarTest -->
    </test> <!-- TestLauncher -->
  </suite> <!-- Suite -->
</testng-results>
